# JRE version: OpenJDK Runtime Environment (8.0_262-b10) (build 1.8.0_262-b10)
# Java VM: OpenJDK 64-Bit Server VM (25.262-b10 mixed mode windows-amd64 compressed oops)
Heap:
 PSYoungGen      total 103424K, used 65024K [0x00000000f5580000, 0x0000000100000000, 0x0000000100000000)
  eden space 65024K, 100% used [0x00000000f5580000,0x00000000f9500000,0x00000000f9500000)
  from space 38400K, 0% used [0x00000000f9500000,0x00000000f9500000,0x00000000fba80000)
  to   space 57344K, 0% used [0x00000000fc800000,0x00000000fc800000,0x0000000100000000)
 ParOldGen       total 349696K, used 349404K [0x00000000e0000000, 0x00000000f5580000, 0x00000000f5580000)
  object space 349696K, 99% used [0x00000000e0000000,0x00000000f5537210,0x00000000f5580000)
 Metaspace       used 86761K, capacity 93266K, committed 94680K, reserved 1130496K
  class space    used 11640K, capacity 13096K, committed 13568K, reserved 1048576K
GC Heap History (10 events):
Event: 42.806 GC heap after
Heap after GC invocations=96 (full 59):
 PSYoungGen      total 103424K, used 64961K [0x00000000f5580000, 0x0000000100000000, 0x0000000100000000)
  eden space 65024K, 99% used [0x00000000f5580000,0x00000000f94f0460,0x00000000f9500000)
  from space 38400K, 0% used [0x00000000f9500000,0x00000000f9500000,0x00000000fba80000)
  to   space 57344K, 0% used [0x00000000fc800000,0x00000000fc800000,0x0000000100000000)
 ParOldGen       total 349696K, used 349404K [0x00000000e0000000, 0x00000000f5580000, 0x00000000f5580000)
  object space 349696K, 99% used [0x00000000e0000000,0x00000000f5537210,0x00000000f5580000)
 Metaspace       used 86761K, capacity 93266K, committed 94680K, reserved 1130496K
  class space    used 11640K, capacity 13096K, committed 13568K, reserved 1048576K
}
Event: 42.807 GC heap before
{Heap before GC invocations=97 (full 60):
 PSYoungGen      total 103424K, used 65024K [0x00000000f5580000, 0x0000000100000000, 0x0000000100000000)
  eden space 65024K, 100% used [0x00000000f5580000,0x00000000f9500000,0x00000000f9500000)
  from space 38400K, 0% used [0x00000000f9500000,0x00000000f9500000,0x00000000fba80000)
  to   space 57344K, 0% used [0x00000000fc800000,0x00000000fc800000,0x0000000100000000)
 ParOldGen       total 349696K, used 349404K [0x00000000e0000000, 0x00000000f5580000, 0x00000000f5580000)
  object space 349696K, 99% used [0x00000000e0000000,0x00000000f5537210,0x00000000f5580000)
 Metaspace       used 86761K, capacity 93266K, committed 94680K, reserved 1130496K
  class space    used 11640K, capacity 13096K, committed 13568K, reserved 1048576K
Event: 42.978 GC heap after
Heap after GC invocations=97 (full 60):
 PSYoungGen      total 103424K, used 64968K [0x00000000f5580000, 0x0000000100000000, 0x0000000100000000)
  eden space 65024K, 99% used [0x00000000f5580000,0x00000000f94f2130,0x00000000f9500000)
  from space 38400K, 0% used [0x00000000f9500000,0x00000000f9500000,0x00000000fba80000)
  to   space 57344K, 0% used [0x00000000fc800000,0x00000000fc800000,0x0000000100000000)
 ParOldGen       total 349696K, used 349404K [0x00000000e0000000, 0x00000000f5580000, 0x00000000f5580000)
  object space 349696K, 99% used [0x00000000e0000000,0x00000000f5537210,0x00000000f5580000)
 Metaspace       used 86761K, capacity 93266K, committed 94680K, reserved 1130496K
  class space    used 11640K, capacity 13096K, committed 13568K, reserved 1048576K
}
Event: 42.978 GC heap before
{Heap before GC invocations=98 (full 61):
 PSYoungGen      total 103424K, used 65024K [0x00000000f5580000, 0x0000000100000000, 0x0000000100000000)
  eden space 65024K, 100% used [0x00000000f5580000,0x00000000f9500000,0x00000000f9500000)
  from space 38400K, 0% used [0x00000000f9500000,0x00000000f9500000,0x00000000fba80000)
  to   space 57344K, 0% used [0x00000000fc800000,0x00000000fc800000,0x0000000100000000)
 ParOldGen       total 349696K, used 349404K [0x00000000e0000000, 0x00000000f5580000, 0x00000000f5580000)
  object space 349696K, 99% used [0x00000000e0000000,0x00000000f5537210,0x00000000f5580000)
 Metaspace       used 86761K, capacity 93266K, committed 94680K, reserved 1130496K
  class space    used 11640K, capacity 13096K, committed 13568K, reserved 1048576K
Event: 43.136 GC heap after
Heap after GC invocations=98 (full 61):
 PSYoungGen      total 103424K, used 64973K [0x00000000f5580000, 0x0000000100000000, 0x0000000100000000)
  eden space 65024K, 99% used [0x00000000f5580000,0x00000000f94f37f8,0x00000000f9500000)
  from space 38400K, 0% used [0x00000000f9500000,0x00000000f9500000,0x00000000fba80000)
  to   space 57344K, 0% used [0x00000000fc800000,0x00000000fc800000,0x0000000100000000)
 ParOldGen       total 349696K, used 349404K [0x00000000e0000000, 0x00000000f5580000, 0x00000000f5580000)
  object space 349696K, 99% used [0x00000000e0000000,0x00000000f5537210,0x00000000f5580000)
 Metaspace       used 86761K, capacity 93266K, committed 94680K, reserved 1130496K
  class space    used 11640K, capacity 13096K, committed 13568K, reserved 1048576K
}
Event: 43.136 GC heap before
{Heap before GC invocations=99 (full 62):
 PSYoungGen      total 103424K, used 65024K [0x00000000f5580000, 0x0000000100000000, 0x0000000100000000)
  eden space 65024K, 100% used [0x00000000f5580000,0x00000000f9500000,0x00000000f9500000)
  from space 38400K, 0% used [0x00000000f9500000,0x00000000f9500000,0x00000000fba80000)
  to   space 57344K, 0% used [0x00000000fc800000,0x00000000fc800000,0x0000000100000000)
 ParOldGen       total 349696K, used 349404K [0x00000000e0000000, 0x00000000f5580000, 0x00000000f5580000)
  object space 349696K, 99% used [0x00000000e0000000,0x00000000f5537210,0x00000000f5580000)
 Metaspace       used 86761K, capacity 93266K, committed 94680K, reserved 1130496K
  class space    used 11640K, capacity 13096K, committed 13568K, reserved 1048576K
Event: 43.292 GC heap after
Heap after GC invocations=99 (full 62):
 PSYoungGen      total 103424K, used 64978K [0x00000000f5580000, 0x0000000100000000, 0x0000000100000000)
  eden space 65024K, 99% used [0x00000000f5580000,0x00000000f94f4bd0,0x00000000f9500000)
  from space 38400K, 0% used [0x00000000f9500000,0x00000000f9500000,0x00000000fba80000)
  to   space 57344K, 0% used [0x00000000fc800000,0x00000000fc800000,0x0000000100000000)
 ParOldGen       total 349696K, used 349404K [0x00000000e0000000, 0x00000000f5580000, 0x00000000f5580000)
  object space 349696K, 99% used [0x00000000e0000000,0x00000000f5537210,0x00000000f5580000)
 Metaspace       used 86761K, capacity 93266K, committed 94680K, reserved 1130496K
  class space    used 11640K, capacity 13096K, committed 13568K, reserved 1048576K
}
Event: 43.292 GC heap before
{Heap before GC invocations=100 (full 63):
 PSYoungGen      total 103424K, used 65024K [0x00000000f5580000, 0x0000000100000000, 0x0000000100000000)
  eden space 65024K, 100% used [0x00000000f5580000,0x00000000f9500000,0x00000000f9500000)
  from space 38400K, 0% used [0x00000000f9500000,0x00000000f9500000,0x00000000fba80000)
  to   space 57344K, 0% used [0x00000000fc800000,0x00000000fc800000,0x0000000100000000)
 ParOldGen       total 349696K, used 349404K [0x00000000e0000000, 0x00000000f5580000, 0x00000000f5580000)
  object space 349696K, 99% used [0x00000000e0000000,0x00000000f5537210,0x00000000f5580000)
 Metaspace       used 86761K, capacity 93266K, committed 94680K, reserved 1130496K
  class space    used 11640K, capacity 13096K, committed 13568K, reserved 1048576K
Event: 43.443 GC heap after
Heap after GC invocations=100 (full 63):
 PSYoungGen      total 103424K, used 64983K [0x00000000f5580000, 0x0000000100000000, 0x0000000100000000)
  eden space 65024K, 99% used [0x00000000f5580000,0x00000000f94f5e48,0x00000000f9500000)
  from space 38400K, 0% used [0x00000000f9500000,0x00000000f9500000,0x00000000fba80000)
  to   space 57344K, 0% used [0x00000000fc800000,0x00000000fc800000,0x0000000100000000)
 ParOldGen       total 349696K, used 349404K [0x00000000e0000000, 0x00000000f5580000, 0x00000000f5580000)
  object space 349696K, 99% used [0x00000000e0000000,0x00000000f5537210,0x00000000f5580000)
 Metaspace       used 86761K, capacity 93266K, committed 94680K, reserved 1130496K
  class space    used 11640K, capacity 13096K, committed 13568K, reserved 1048576K
}
Event: 43.444 GC heap before
{Heap before GC invocations=101 (full 64):
 PSYoungGen      total 103424K, used 65024K [0x00000000f5580000, 0x0000000100000000, 0x0000000100000000)
  eden space 65024K, 100% used [0x00000000f5580000,0x00000000f9500000,0x00000000f9500000)
  from space 38400K, 0% used [0x00000000f9500000,0x00000000f9500000,0x00000000fba80000)
  to   space 57344K, 0% used [0x00000000fc800000,0x00000000fc800000,0x0000000100000000)
 ParOldGen       total 349696K, used 349404K [0x00000000e0000000, 0x00000000f5580000, 0x00000000f5580000)
  object space 349696K, 99% used [0x00000000e0000000,0x00000000f5537210,0x00000000f5580000)
 Metaspace       used 86761K, capacity 93266K, committed 94680K, reserved 1130496K
  class space    used 11640K, capacity 13096K, committed 13568K, reserved 1048576K

